<?xml version="1.0" encoding="UTF-8"?>
<robot generator="Robot 4.1.3 (Python 3.10.2 on win32)" generated="20220319 11:05:53.420" rpa="false" schemaversion="2">
<suite id="s1" name="Demo16 Get Suite" source="D:\ROBOT-SESSION\ROBOT_PROJECT\selenium_suite\demo16_get_suite.robot">
<test id="s1-t1" name="TC1">
<kw name="Open Browser" library="SeleniumLibrary">
<arg>browser=chrome</arg>
<arg>executable_path=${EXECDIR}${/}driver${/}chromedriver.exe</arg>
<doc>Opens a new browser instance to the optional ``url``.</doc>
<msg timestamp="20220319 11:05:54.597" level="INFO">Opening browser 'chrome' to base url 'None'.</msg>
<status status="PASS" starttime="20220319 11:05:54.597" endtime="20220319 11:06:17.541"/>
</kw>
<kw name="Maximize Browser Window" library="SeleniumLibrary">
<doc>Maximizes current browser window.</doc>
<status status="PASS" starttime="20220319 11:06:17.542" endtime="20220319 11:06:17.703"/>
</kw>
<kw name="Set Selenium Implicit Wait" library="SeleniumLibrary">
<arg>20s</arg>
<doc>Sets the implicit wait value used by Selenium.</doc>
<status status="PASS" starttime="20220319 11:06:17.704" endtime="20220319 11:06:17.707"/>
</kw>
<kw name="Go To" library="SeleniumLibrary">
<arg>url=https://demo.openemr.io/b/openemr</arg>
<doc>Navigates the current browser window to the provided ``url``.</doc>
<msg timestamp="20220319 11:06:17.708" level="INFO">Opening url 'https://demo.openemr.io/b/openemr'</msg>
<status status="PASS" starttime="20220319 11:06:17.708" endtime="20220319 11:06:25.161"/>
</kw>
<kw name="Get Text" library="SeleniumLibrary">
<var>${text}</var>
<arg>xpath=//p[contains(text(), 'open-source')]</arg>
<doc>Returns the text value of the element identified by ``locator``.</doc>
<msg timestamp="20220319 11:06:25.433" level="INFO">${text} = The most popular open-source Electronic Health Record and Medical Practice Management solution.</msg>
<status status="PASS" starttime="20220319 11:06:25.163" endtime="20220319 11:06:25.433"/>
</kw>
<kw name="Log To Console" library="BuiltIn">
<arg>${text}</arg>
<doc>Logs the given message to the console.</doc>
<status status="PASS" starttime="20220319 11:06:25.435" endtime="20220319 11:06:25.436"/>
</kw>
<kw name="Should Be Equal" library="BuiltIn">
<arg>${text}</arg>
<arg>The most popular open-source Electronic Health Record and Medical Practice Management solution.</arg>
<doc>Fails if the given objects are unequal.</doc>
<status status="PASS" starttime="20220319 11:06:25.437" endtime="20220319 11:06:25.438"/>
</kw>
<kw name="Get Element Attribute" library="SeleniumLibrary">
<var>${placeholder_value}</var>
<arg>id=authUser</arg>
<arg>placeholder</arg>
<doc>Returns the value of ``attribute`` from the element ``locator``.</doc>
<msg timestamp="20220319 11:06:25.494" level="INFO">${placeholder_value} = Username:</msg>
<status status="PASS" starttime="20220319 11:06:25.438" endtime="20220319 11:06:25.494"/>
</kw>
<kw name="Log To Console" library="BuiltIn">
<arg>${placeholder_value}</arg>
<doc>Logs the given message to the console.</doc>
<status status="PASS" starttime="20220319 11:06:25.495" endtime="20220319 11:06:25.496"/>
</kw>
<status status="PASS" starttime="20220319 11:05:54.596" endtime="20220319 11:06:25.498"/>
</test>
<status status="PASS" starttime="20220319 11:05:53.428" endtime="20220319 11:06:25.501"/>
</suite>
<statistics>
<total>
<stat pass="1" fail="0" skip="0">All Tests</stat>
</total>
<tag>
</tag>
<suite>
<stat pass="1" fail="0" skip="0" id="s1" name="Demo16 Get Suite">Demo16 Get Suite</stat>
</suite>
</statistics>
<errors>
</errors>
</robot>
