<?xml version="1.0" encoding="UTF-8"?>
<robot generator="Robot 4.1.3 (Python 3.10.2 on win32)" generated="20220315 16:09:06.299" rpa="false" schemaversion="2">
<suite id="s1" name="Demo6 Redbus Suite" source="D:\ROBOT-SESSION\ROBOT_PROJECT\selenium_suite\demo6_redbus_suite.robot">
<test id="s1-t1" name="TC1">
<kw name="Open Browser" library="SeleniumLibrary">
<arg>browser=chrome</arg>
<arg>executable_path=${EXECDIR}${/}driver${/}chromedriver.exe</arg>
<doc>Opens a new browser instance to the optional ``url``.</doc>
<msg timestamp="20220315 16:09:08.875" level="INFO">Opening browser 'chrome' to base url 'None'.</msg>
<status status="PASS" starttime="20220315 16:09:08.874" endtime="20220315 16:09:16.574"/>
</kw>
<kw name="Maximize Browser Window" library="SeleniumLibrary">
<doc>Maximizes current browser window.</doc>
<status status="PASS" starttime="20220315 16:09:16.575" endtime="20220315 16:09:16.723"/>
</kw>
<kw name="Set Selenium Implicit Wait" library="SeleniumLibrary">
<arg>10s</arg>
<doc>Sets the implicit wait value used by Selenium.</doc>
<status status="PASS" starttime="20220315 16:09:16.724" endtime="20220315 16:09:16.729"/>
</kw>
<kw name="Go To" library="SeleniumLibrary">
<arg>url=https://www.redbus.in/</arg>
<doc>Navigates the current browser window to the provided ``url``.</doc>
<msg timestamp="20220315 16:09:16.730" level="INFO">Opening url 'https://www.redbus.in/'</msg>
<status status="PASS" starttime="20220315 16:09:16.730" endtime="20220315 16:09:30.928"/>
</kw>
<kw name="Click Element" library="SeleniumLibrary">
<arg>id=i-icon-profile</arg>
<doc>Click the element identified by ``locator``.</doc>
<msg timestamp="20220315 16:09:30.930" level="INFO">Clicking element 'id=i-icon-profile'.</msg>
<status status="PASS" starttime="20220315 16:09:30.929" endtime="20220315 16:09:31.515"/>
</kw>
<kw name="Click Element" library="SeleniumLibrary">
<arg>id=signInLink</arg>
<doc>Click the element identified by ``locator``.</doc>
<msg timestamp="20220315 16:09:31.517" level="INFO">Clicking element 'id=signInLink'.</msg>
<status status="PASS" starttime="20220315 16:09:31.516" endtime="20220315 16:09:31.727"/>
</kw>
<kw name="Select Frame" library="SeleniumLibrary">
<arg>xpath=//iframe[@class='modalIframe']</arg>
<doc>Sets frame identified by ``locator`` as the current frame.</doc>
<msg timestamp="20220315 16:09:31.728" level="INFO">Selecting frame 'xpath=//iframe[@class='modalIframe']'.</msg>
<status status="PASS" starttime="20220315 16:09:31.727" endtime="20220315 16:09:32.599"/>
</kw>
<kw name="Input Text" library="SeleniumLibrary">
<arg>id= mobileNoInp</arg>
<arg>12345</arg>
<doc>Types the given ``text`` into the text field identified by ``locator``.</doc>
<msg timestamp="20220315 16:09:32.600" level="INFO">Typing text '12345' into text field 'id= mobileNoInp'.</msg>
<status status="PASS" starttime="20220315 16:09:32.600" endtime="20220315 16:09:33.133"/>
</kw>
<kw name="Unselect Frame" library="SeleniumLibrary">
<doc>Sets the main frame as the current frame.</doc>
<status status="PASS" starttime="20220315 16:09:33.134" endtime="20220315 16:09:33.137"/>
</kw>
<kw name="Close Browser" library="SeleniumLibrary" type="TEARDOWN">
<doc>Closes the current browser.</doc>
<status status="PASS" starttime="20220315 16:09:33.138" endtime="20220315 16:09:35.764"/>
</kw>
<status status="PASS" starttime="20220315 16:09:08.874" endtime="20220315 16:09:35.765"/>
</test>
<status status="PASS" starttime="20220315 16:09:07.123" endtime="20220315 16:09:35.768"/>
</suite>
<statistics>
<total>
<stat pass="1" fail="0" skip="0">All Tests</stat>
</total>
<tag>
</tag>
<suite>
<stat pass="1" fail="0" skip="0" id="s1" name="Demo6 Redbus Suite">Demo6 Redbus Suite</stat>
</suite>
</statistics>
<errors>
</errors>
</robot>
