<?xml version="1.0" encoding="UTF-8"?>
<robot generator="Robot 4.1.3 (Python 3.10.2 on win32)" generated="20220314 16:40:45.016" rpa="false" schemaversion="2">
<suite id="s1" name="Demo1 Orangehrm Suite" source="D:\ROBOT-SESSION\ROBOT_PROJECT\selenium_suite\demo1_orangehrm_suite.robot">
<test id="s1-t1" name="TC1">
<kw name="Append To Environment Variable" library="OperatingSystem">
<arg>Path</arg>
<arg>${EXECDIR}${/}driver${/}</arg>
<doc>Appends given ``values`` to environment variable ``name``.</doc>
<msg timestamp="20220314 16:40:45.519" level="INFO">Environment variable 'Path' set to value 'C:\Windows\system32;C:\Windows;C:\Windows\System32\Wbem;C:\Windows\System32\WindowsPowerShell\v1.0\;C:\Windows\System32\OpenSSH\;C:\Program Files\Git\cmd;C:\Users\samre\AppData\Local\Programs\Python\Python310\Scripts\;C:\Users\samre\AppData\Local\Programs\Python\Python310\;C:\Users\samre\AppData\Local\Microsoft\WindowsApps;;C:\PyCharm 2021.3.2\bin;;C:\Program Files\JetBrains\PyCharm Community Edition 2021.3.2\bin;;C:\Users\samre\AppData\Local\Programs\Microsoft VS Code\bin;D:\ROBOT-SESSION\ROBOT_PROJECT\driver\'.</msg>
<status status="PASS" starttime="20220314 16:40:45.519" endtime="20220314 16:40:45.519"/>
</kw>
<kw name="Open Browser" library="SeleniumLibrary">
<arg>url=https://opensource-demo.orangehrmlive.com/</arg>
<arg>browser=chrome</arg>
<doc>Opens a new browser instance to the optional ``url``.</doc>
<msg timestamp="20220314 16:40:45.520" level="INFO">Opening browser 'chrome' to base url 'https://opensource-demo.orangehrmlive.com/'.</msg>
<status status="PASS" starttime="20220314 16:40:45.520" endtime="20220314 16:40:54.190"/>
</kw>
<kw name="Maximize Browser Window" library="SeleniumLibrary">
<doc>Maximizes current browser window.</doc>
<status status="PASS" starttime="20220314 16:40:54.191" endtime="20220314 16:40:54.337"/>
</kw>
<kw name="Set Selenium Implicit Wait" library="SeleniumLibrary">
<arg>10s</arg>
<doc>Sets the implicit wait value used by Selenium.</doc>
<status status="PASS" starttime="20220314 16:40:54.338" endtime="20220314 16:40:54.341"/>
</kw>
<kw name="Input Text" library="SeleniumLibrary">
<arg>id=txtUsername</arg>
<arg>Admin</arg>
<doc>Types the given ``text`` into the text field identified by ``locator``.</doc>
<msg timestamp="20220314 16:40:54.342" level="INFO">Typing text 'Admin' into text field 'id=txtUsername'.</msg>
<status status="PASS" starttime="20220314 16:40:54.341" endtime="20220314 16:40:54.713"/>
</kw>
<kw name="Input Password" library="SeleniumLibrary">
<arg>id=txtPassword</arg>
<arg>admin123</arg>
<doc>Types the given password into the text field identified by ``locator``.</doc>
<msg timestamp="20220314 16:40:54.715" level="INFO">Typing password into text field 'id=txtPassword'.</msg>
<msg timestamp="20220314 16:40:54.893" level="INFO">Temporally setting log level to: NONE</msg>
<msg timestamp="20220314 16:40:55.243" level="INFO">Log level changed from NONE to INFO.</msg>
<status status="PASS" starttime="20220314 16:40:54.714" endtime="20220314 16:40:55.244"/>
</kw>
<kw name="Click Element" library="SeleniumLibrary">
<arg>id=btnLogin</arg>
<doc>Click the element identified by ``locator``.</doc>
<msg timestamp="20220314 16:40:55.246" level="INFO">Clicking element 'id=btnLogin'.</msg>
<status status="PASS" starttime="20220314 16:40:55.245" endtime="20220314 16:41:01.150"/>
</kw>
<kw name="Page Should Contain" library="SeleniumLibrary">
<arg>My Info</arg>
<doc>Verifies that current page contains ``text``.</doc>
<msg timestamp="20220314 16:41:01.377" level="INFO">Current page contains text 'My Info'.</msg>
<status status="PASS" starttime="20220314 16:41:01.153" endtime="20220314 16:41:01.378"/>
</kw>
<kw name="Click Element" library="SeleniumLibrary">
<arg>id=welcome</arg>
<doc>Click the element identified by ``locator``.</doc>
<msg timestamp="20220314 16:41:01.379" level="INFO">Clicking element 'id=welcome'.</msg>
<status status="PASS" starttime="20220314 16:41:01.379" endtime="20220314 16:41:01.553"/>
</kw>
<kw name="Click Element" library="SeleniumLibrary">
<arg>link=Logout</arg>
<doc>Click the element identified by ``locator``.</doc>
<msg timestamp="20220314 16:41:01.557" level="INFO">Clicking element 'link=Logout'.</msg>
<status status="PASS" starttime="20220314 16:41:01.556" endtime="20220314 16:41:02.911"/>
</kw>
<status status="PASS" starttime="20220314 16:40:45.518" endtime="20220314 16:41:02.913"/>
</test>
<status status="PASS" starttime="20220314 16:40:45.022" endtime="20220314 16:41:02.916"/>
</suite>
<statistics>
<total>
<stat pass="1" fail="0" skip="0">All Tests</stat>
</total>
<tag>
</tag>
<suite>
<stat pass="1" fail="0" skip="0" id="s1" name="Demo1 Orangehrm Suite">Demo1 Orangehrm Suite</stat>
</suite>
</statistics>
<errors>
</errors>
</robot>
