<?xml version="1.0" encoding="UTF-8"?>
<robot generator="Robot 4.1.3 (Python 3.10.2 on win32)" generated="20220314 11:29:15.354" rpa="false" schemaversion="2">
<suite id="s1" name="Demo3 Suite" source="D:\ROBOT-SESSION\ROBOT_PROJECT\robot_suite\demo3_suite.robot">
<test id="s1-t1" name="TC1">
<kw name="Log To Console" library="BuiltIn">
<arg>D:\\ROBOT-SESSION\\ROBOT_PROJECT\\robot_suite</arg>
<doc>Logs the given message to the console.</doc>
<status status="PASS" starttime="20220314 11:29:15.572" endtime="20220314 11:29:15.573"/>
</kw>
<kw name="Log To Console" library="BuiltIn">
<arg>${EXECDIR}</arg>
<doc>Logs the given message to the console.</doc>
<status status="PASS" starttime="20220314 11:29:15.573" endtime="20220314 11:29:15.574"/>
</kw>
<kw name="Log To Console" library="BuiltIn">
<arg>${OUTPUT_DIR}</arg>
<doc>Logs the given message to the console.</doc>
<status status="PASS" starttime="20220314 11:29:15.574" endtime="20220314 11:29:15.575"/>
</kw>
<kw name="Log To Console" library="BuiltIn">
<arg>${TEMPDIR}</arg>
<doc>Logs the given message to the console.</doc>
<status status="PASS" starttime="20220314 11:29:15.575" endtime="20220314 11:29:15.576"/>
</kw>
<kw name="Log To Console" library="BuiltIn">
<arg>${TEST_NAME}</arg>
<doc>Logs the given message to the console.</doc>
<status status="PASS" starttime="20220314 11:29:15.576" endtime="20220314 11:29:15.576"/>
</kw>
<kw name="Log To Console" library="BuiltIn">
<arg>${SUITE_NAME}</arg>
<doc>Logs the given message to the console.</doc>
<status status="PASS" starttime="20220314 11:29:15.576" endtime="20220314 11:29:15.577"/>
</kw>
<status status="PASS" starttime="20220314 11:29:15.571" endtime="20220314 11:29:15.577"/>
</test>
<test id="s1-t2" name="TC2">
<kw name="Create Directory" library="OperatingSystem">
<arg>E:${/}Temp${/}My_Folder</arg>
<doc>Creates the specified directory.</doc>
<msg timestamp="20220314 11:29:15.579" level="INFO" html="true">Directory '&lt;a href="file://E:\Temp\My_Folder"&gt;E:\Temp\My_Folder&lt;/a&gt;' already exists.</msg>
<status status="PASS" starttime="20220314 11:29:15.578" endtime="20220314 11:29:15.579"/>
</kw>
<kw name="Create File" library="OperatingSystem">
<arg>E:${/}Temp${/}My_Folder${/}notes.txt</arg>
<arg>samreen</arg>
<doc>Creates a file with the given content and encoding.</doc>
<msg timestamp="20220314 11:29:15.627" level="INFO" html="true">Created file '&lt;a href="file://E:\Temp\My_Folder\notes.txt"&gt;E:\Temp\My_Folder\notes.txt&lt;/a&gt;'.</msg>
<status status="PASS" starttime="20220314 11:29:15.579" endtime="20220314 11:29:15.627"/>
</kw>
<kw name="Copy File" library="OperatingSystem">
<arg>E:${/}Temp${/}My_Folder${/}notes.txt</arg>
<arg>E:${/}Temp${/}My_Folder${/}notes1.txt</arg>
<doc>Copies the source file into the destination.</doc>
<msg timestamp="20220314 11:29:15.652" level="INFO" html="true">Copied file from '&lt;a href="file://E:\Temp\My_Folder\notes.txt"&gt;E:\Temp\My_Folder\notes.txt&lt;/a&gt;' to '&lt;a href="file://E:\Temp\My_Folder\notes1.txt"&gt;E:\Temp\My_Folder\notes1.txt&lt;/a&gt;'.</msg>
<status status="PASS" starttime="20220314 11:29:15.628" endtime="20220314 11:29:15.652"/>
</kw>
<status status="PASS" starttime="20220314 11:29:15.578" endtime="20220314 11:29:15.653"/>
</test>
<status status="PASS" starttime="20220314 11:29:15.358" endtime="20220314 11:29:15.655"/>
</suite>
<statistics>
<total>
<stat pass="2" fail="0" skip="0">All Tests</stat>
</total>
<tag>
</tag>
<suite>
<stat pass="2" fail="0" skip="0" id="s1" name="Demo3 Suite">Demo3 Suite</stat>
</suite>
</statistics>
<errors>
</errors>
</robot>
