<?xml version="1.0" encoding="UTF-8"?>
<robot generator="Robot 4.1.3 (Python 3.10.2 on win32)" generated="20220315 11:57:23.289" rpa="false" schemaversion="2">
<suite id="s1" name="Demo3 Meddibuddy Tabs Suite" source="D:\ROBOT-SESSION\ROBOT_PROJECT\selenium_suite\demo3_meddibuddy_tabs_suite.robot">
<test id="s1-t1" name="TC1">
<kw name="Open Browser" library="SeleniumLibrary">
<arg>browser=chrome</arg>
<arg>executable_path=${EXECDIR}${/}driver${/}chromedriver.exe</arg>
<doc>Opens a new browser instance to the optional ``url``.</doc>
<msg timestamp="20220315 11:57:24.144" level="INFO">Opening browser 'chrome' to base url 'None'.</msg>
<status status="PASS" starttime="20220315 11:57:24.143" endtime="20220315 11:57:28.264"/>
</kw>
<kw name="Maximize Browser Window" library="SeleniumLibrary">
<doc>Maximizes current browser window.</doc>
<status status="PASS" starttime="20220315 11:57:28.265" endtime="20220315 11:57:28.461"/>
</kw>
<kw name="Set Selenium Implicit Wait" library="SeleniumLibrary">
<arg>20s</arg>
<doc>Sets the implicit wait value used by Selenium.</doc>
<status status="PASS" starttime="20220315 11:57:28.462" endtime="20220315 11:57:28.474"/>
</kw>
<kw name="Go To" library="SeleniumLibrary">
<arg>url=https://www.medibuddy.in/</arg>
<doc>Navigates the current browser window to the provided ``url``.</doc>
<msg timestamp="20220315 11:57:28.476" level="INFO">Opening url 'https://www.medibuddy.in/'</msg>
<status status="PASS" starttime="20220315 11:57:28.475" endtime="20220315 11:57:29.907"/>
</kw>
<kw name="Click Element" library="SeleniumLibrary">
<arg>xpath=//button[text()='Not Now']</arg>
<doc>Click the element identified by ``locator``.</doc>
<msg timestamp="20220315 11:57:29.910" level="INFO">Clicking element 'xpath=//button[text()='Not Now']'.</msg>
<status status="PASS" starttime="20220315 11:57:29.909" endtime="20220315 11:57:39.860"/>
</kw>
<kw name="Click Element" library="SeleniumLibrary">
<arg>link=For Employer</arg>
<doc>Click the element identified by ``locator``.</doc>
<msg timestamp="20220315 11:57:39.862" level="INFO">Clicking element 'link=For Employer'.</msg>
<status status="PASS" starttime="20220315 11:57:39.861" endtime="20220315 11:57:40.168"/>
</kw>
<kw name="Switch Window" library="SeleniumLibrary">
<arg>MediBuddy LaunchPad</arg>
<doc>Switches to browser window matching ``locator``.</doc>
<status status="PASS" starttime="20220315 11:57:40.169" endtime="20220315 11:57:44.306"/>
</kw>
<kw name="Input Text" library="SeleniumLibrary">
<arg>id=getInTouchName</arg>
<arg>sam</arg>
<doc>Types the given ``text`` into the text field identified by ``locator``.</doc>
<msg timestamp="20220315 11:57:44.308" level="INFO">Typing text 'sam' into text field 'id=getInTouchName'.</msg>
<status status="PASS" starttime="20220315 11:57:44.307" endtime="20220315 11:57:44.806"/>
</kw>
<kw name="Input Text" library="SeleniumLibrary">
<arg>id=getInTouchEmail</arg>
<arg>sam@gmail.com</arg>
<doc>Types the given ``text`` into the text field identified by ``locator``.</doc>
<msg timestamp="20220315 11:57:44.807" level="INFO">Typing text 'sam@gmail.com' into text field 'id=getInTouchEmail'.</msg>
<status status="PASS" starttime="20220315 11:57:44.807" endtime="20220315 11:57:45.093"/>
</kw>
<kw name="Input Text" library="SeleniumLibrary">
<arg>id=getInTouchMobile</arg>
<arg>7889600001</arg>
<doc>Types the given ``text`` into the text field identified by ``locator``.</doc>
<msg timestamp="20220315 11:57:45.095" level="INFO">Typing text '7889600001' into text field 'id=getInTouchMobile'.</msg>
<status status="PASS" starttime="20220315 11:57:45.094" endtime="20220315 11:57:45.318"/>
</kw>
<kw name="Input Text" library="SeleniumLibrary">
<arg>id=getInTouchEmpCount</arg>
<arg>5</arg>
<doc>Types the given ``text`` into the text field identified by ``locator``.</doc>
<msg timestamp="20220315 11:57:45.320" level="INFO">Typing text '5' into text field 'id=getInTouchEmpCount'.</msg>
<status status="PASS" starttime="20220315 11:57:45.319" endtime="20220315 11:57:45.508"/>
</kw>
<status status="PASS" starttime="20220315 11:57:24.142" endtime="20220315 11:57:45.510"/>
</test>
<status status="PASS" starttime="20220315 11:57:23.294" endtime="20220315 11:57:45.514"/>
</suite>
<statistics>
<total>
<stat pass="1" fail="0" skip="0">All Tests</stat>
</total>
<tag>
</tag>
<suite>
<stat pass="1" fail="0" skip="0" id="s1" name="Demo3 Meddibuddy Tabs Suite">Demo3 Meddibuddy Tabs Suite</stat>
</suite>
</statistics>
<errors>
</errors>
</robot>
