<?xml version="1.0" encoding="UTF-8"?>
<robot generator="Robot 4.1.3 (Python 3.10.2 on win32)" generated="20220315 15:14:36.112" rpa="false" schemaversion="2">
<suite id="s1" name="Demo4 Multiple Tabs Suite" source="D:\ROBOT-SESSION\ROBOT_PROJECT\selenium_suite\demo4_multiple_tabs_suite.robot">
<test id="s1-t1" name="TC1">
<kw name="Open Browser" library="SeleniumLibrary">
<arg>browser=chrome</arg>
<arg>executable_path=${EXECDIR}${/}driver${/}chromedriver.exe</arg>
<doc>Opens a new browser instance to the optional ``url``.</doc>
<msg timestamp="20220315 15:14:36.751" level="INFO">Opening browser 'chrome' to base url 'None'.</msg>
<status status="PASS" starttime="20220315 15:14:36.751" endtime="20220315 15:14:46.338"/>
</kw>
<kw name="Maximize Browser Window" library="SeleniumLibrary">
<doc>Maximizes current browser window.</doc>
<status status="PASS" starttime="20220315 15:14:46.339" endtime="20220315 15:14:46.546"/>
</kw>
<kw name="Set Selenium Implicit Wait" library="SeleniumLibrary">
<arg>10s</arg>
<doc>Sets the implicit wait value used by Selenium.</doc>
<status status="PASS" starttime="20220315 15:14:46.546" endtime="20220315 15:14:46.549"/>
</kw>
<kw name="Go To" library="SeleniumLibrary">
<arg>url=https://www.db4free.net/</arg>
<doc>Navigates the current browser window to the provided ``url``.</doc>
<msg timestamp="20220315 15:14:46.550" level="INFO">Opening url 'https://www.db4free.net/'</msg>
<status status="PASS" starttime="20220315 15:14:46.550" endtime="20220315 15:14:50.571"/>
</kw>
<kw name="Click Element" library="SeleniumLibrary">
<arg>xpath=//b[contains(text(),'phpMy')]</arg>
<doc>Click the element identified by ``locator``.</doc>
<msg timestamp="20220315 15:14:50.572" level="INFO">Clicking element 'xpath=//b[contains(text(),'phpMy')]'.</msg>
<status status="PASS" starttime="20220315 15:14:50.571" endtime="20220315 15:14:50.992"/>
</kw>
<kw name="Switch Window" library="SeleniumLibrary">
<arg>phpMyAdmin</arg>
<doc>Switches to browser window matching ``locator``.</doc>
<status status="PASS" starttime="20220315 15:14:50.992" endtime="20220315 15:15:02.272"/>
</kw>
<kw name="Input Text" library="SeleniumLibrary">
<arg>id=input_username</arg>
<arg>admin</arg>
<doc>Types the given ``text`` into the text field identified by ``locator``.</doc>
<msg timestamp="20220315 15:15:02.273" level="INFO">Typing text 'admin' into text field 'id=input_username'.</msg>
<status status="PASS" starttime="20220315 15:15:02.273" endtime="20220315 15:15:02.581"/>
</kw>
<kw name="Input Text" library="SeleniumLibrary">
<arg>id=input_password</arg>
<arg>admin123</arg>
<doc>Types the given ``text`` into the text field identified by ``locator``.</doc>
<msg timestamp="20220315 15:15:02.582" level="INFO">Typing text 'admin123' into text field 'id=input_password'.</msg>
<status status="PASS" starttime="20220315 15:15:02.582" endtime="20220315 15:15:02.704"/>
</kw>
<kw name="Click Element" library="SeleniumLibrary">
<arg>id=input_go</arg>
<doc>Click the element identified by ``locator``.</doc>
<msg timestamp="20220315 15:15:02.705" level="INFO">Clicking element 'id=input_go'.</msg>
<status status="PASS" starttime="20220315 15:15:02.704" endtime="20220315 15:15:04.426"/>
</kw>
<kw name="Element Should Contain" library="SeleniumLibrary">
<arg>xpath=//div[contains(text(),'Access')]</arg>
<arg>Access denied for user</arg>
<doc>Verifies that element ``locator`` contains text ``expected``.</doc>
<msg timestamp="20220315 15:15:04.465" level="INFO">Element 'xpath=//div[contains(text(),'Access')]' contains text 'Access denied for user'.</msg>
<status status="PASS" starttime="20220315 15:15:04.427" endtime="20220315 15:15:04.466"/>
</kw>
<status status="PASS" starttime="20220315 15:14:36.750" endtime="20220315 15:15:04.467"/>
</test>
<status status="PASS" starttime="20220315 15:14:36.117" endtime="20220315 15:15:04.470"/>
</suite>
<statistics>
<total>
<stat pass="1" fail="0" skip="0">All Tests</stat>
</total>
<tag>
</tag>
<suite>
<stat pass="1" fail="0" skip="0" id="s1" name="Demo4 Multiple Tabs Suite">Demo4 Multiple Tabs Suite</stat>
</suite>
</statistics>
<errors>
</errors>
</robot>
