<?xml version="1.0" encoding="UTF-8"?>
<robot generator="Robot 4.1.3 (Python 3.10.2 on win32)" generated="20220315 15:32:29.463" rpa="false" schemaversion="2">
<suite id="s1" name="Demo6 Redbus Suite" source="D:\ROBOT-SESSION\ROBOT_PROJECT\selenium_suite\demo6_redbus_suite.robot">
<test id="s1-t1" name="TC1">
<kw name="Open Browser" library="SeleniumLibrary">
<arg>browser=chrome</arg>
<arg>executable_path=${EXECDIR}${/}driver${/}chromedriver.exe</arg>
<doc>Opens a new browser instance to the optional ``url``.</doc>
<msg timestamp="20220315 15:32:34.001" level="INFO">Opening browser 'chrome' to base url 'None'.</msg>
<status status="PASS" starttime="20220315 15:32:34.000" endtime="20220315 15:32:59.014"/>
</kw>
<kw name="Maximize Browser Window" library="SeleniumLibrary">
<doc>Maximizes current browser window.</doc>
<status status="PASS" starttime="20220315 15:32:59.014" endtime="20220315 15:32:59.335"/>
</kw>
<kw name="Set Selenium Implicit Wait" library="SeleniumLibrary">
<arg>10s</arg>
<doc>Sets the implicit wait value used by Selenium.</doc>
<status status="PASS" starttime="20220315 15:32:59.335" endtime="20220315 15:32:59.345"/>
</kw>
<kw name="Go To" library="SeleniumLibrary">
<arg>url=https://www.redbus.in/</arg>
<doc>Navigates the current browser window to the provided ``url``.</doc>
<msg timestamp="20220315 15:32:59.346" level="INFO">Opening url 'https://www.redbus.in/'</msg>
<status status="PASS" starttime="20220315 15:32:59.346" endtime="20220315 15:33:16.633"/>
</kw>
<kw name="Click Element" library="SeleniumLibrary">
<arg>id=signInLink</arg>
<doc>Click the element identified by ``locator``.</doc>
<msg timestamp="20220315 15:33:16.637" level="INFO">Clicking element 'id=signInLink'.</msg>
<status status="PASS" starttime="20220315 15:33:16.636" endtime="20220315 15:33:25.940"/>
</kw>
<status status="PASS" starttime="20220315 15:32:33.999" endtime="20220315 15:33:25.940"/>
</test>
<status status="PASS" starttime="20220315 15:32:29.475" endtime="20220315 15:33:25.943"/>
</suite>
<statistics>
<total>
<stat pass="1" fail="0" skip="0">All Tests</stat>
</total>
<tag>
</tag>
<suite>
<stat pass="1" fail="0" skip="0" id="s1" name="Demo6 Redbus Suite">Demo6 Redbus Suite</stat>
</suite>
</statistics>
<errors>
</errors>
</robot>
