<?xml version="1.0" encoding="UTF-8"?>
<robot generator="Robot 4.1.3 (Python 3.10.2 on win32)" generated="20220314 10:48:05.487" rpa="false" schemaversion="2">
<suite id="s1" name="Demo3 Suite" source="D:\ROBOT-SESSION\ROBOT_PROJECT\robot_suite\demo3_suite.robot">
<test id="s1-t1" name="TC1">
<kw name="Log To Console" library="BuiltIn">
<arg>D:\\ROBOT-SESSION\\ROBOT_PROJECT\\robot_suite</arg>
<doc>Logs the given message to the console.</doc>
<status status="PASS" starttime="20220314 10:48:05.557" endtime="20220314 10:48:05.557"/>
</kw>
<kw name="Log To Console" library="BuiltIn">
<arg>${EXECDIR}</arg>
<doc>Logs the given message to the console.</doc>
<status status="PASS" starttime="20220314 10:48:05.558" endtime="20220314 10:48:05.558"/>
</kw>
<kw name="Log To Console" library="BuiltIn">
<arg>${OUTPUT_DIR}</arg>
<doc>Logs the given message to the console.</doc>
<status status="PASS" starttime="20220314 10:48:05.559" endtime="20220314 10:48:05.559"/>
</kw>
<kw name="Log To Console" library="BuiltIn">
<arg>${TEMPDIR}</arg>
<doc>Logs the given message to the console.</doc>
<status status="PASS" starttime="20220314 10:48:05.560" endtime="20220314 10:48:05.560"/>
</kw>
<kw name="Log To Console" library="BuiltIn">
<arg>${TEST_NAME}</arg>
<doc>Logs the given message to the console.</doc>
<status status="PASS" starttime="20220314 10:48:05.561" endtime="20220314 10:48:05.562"/>
</kw>
<kw name="Log To Console" library="BuiltIn">
<arg>${SUITE_NAME}</arg>
<doc>Logs the given message to the console.</doc>
<status status="PASS" starttime="20220314 10:48:05.562" endtime="20220314 10:48:05.563"/>
</kw>
<status status="PASS" starttime="20220314 10:48:05.556" endtime="20220314 10:48:05.563"/>
</test>
<test id="s1-t2" name="TC2">
<kw name="Create Directory" library="OperatingSystem">
<arg>E:${/}Temp${/}My_Folder</arg>
<doc>Creates the specified directory.</doc>
<msg timestamp="20220314 10:48:05.566" level="INFO" html="true">Directory '&lt;a href="file://E:\Temp\My_Folder"&gt;E:\Temp\My_Folder&lt;/a&gt;' already exists.</msg>
<status status="PASS" starttime="20220314 10:48:05.565" endtime="20220314 10:48:05.566"/>
</kw>
<kw name="Create File" library="OperatingSystem">
<arg>E:${/}Temp${/}My_Folder${/}notes.txt</arg>
<arg>samreen</arg>
<doc>Creates a file with the given content and encoding.</doc>
<msg timestamp="20220314 10:48:05.569" level="INFO" html="true">Created file '&lt;a href="file://E:\Temp\My_Folder\notes.txt"&gt;E:\Temp\My_Folder\notes.txt&lt;/a&gt;'.</msg>
<status status="PASS" starttime="20220314 10:48:05.566" endtime="20220314 10:48:05.569"/>
</kw>
<kw name="Copy File" library="OperatingSystem">
<arg>E:${/}Temp${/}My_Folder${/}notes.txt</arg>
<arg>E:${/}Temp${/}My_Folder${/}notes1.txt</arg>
<doc>Copies the source file into the destination.</doc>
<msg timestamp="20220314 10:48:05.579" level="INFO" html="true">Copied file from '&lt;a href="file://E:\Temp\My_Folder\notes.txt"&gt;E:\Temp\My_Folder\notes.txt&lt;/a&gt;' to '&lt;a href="file://E:\Temp\My_Folder\notes1.txt"&gt;E:\Temp\My_Folder\notes1.txt&lt;/a&gt;'.</msg>
<status status="PASS" starttime="20220314 10:48:05.570" endtime="20220314 10:48:05.579"/>
</kw>
<kw name="Sleep" library="BuiltIn">
<arg>2s</arg>
<doc>Pauses the test executed for the given time.</doc>
<msg timestamp="20220314 10:48:07.592" level="INFO">Slept 2 seconds</msg>
<status status="PASS" starttime="20220314 10:48:05.580" endtime="20220314 10:48:07.592"/>
</kw>
<kw name="Remove File" library="OperatingSystem">
<arg>E:${/}Temp${/}My_Folder${/}notes1.txt</arg>
<doc>Removes a file with the given path.</doc>
<msg timestamp="20220314 10:48:07.594" level="INFO" html="true">Removed file '&lt;a href="file://E:\Temp\My_Folder\notes1.txt"&gt;E:\Temp\My_Folder\notes1.txt&lt;/a&gt;'.</msg>
<status status="PASS" starttime="20220314 10:48:07.593" endtime="20220314 10:48:07.594"/>
</kw>
<kw name="Remove Directory" library="OperatingSystem">
<arg>E:${/}Temp${/}My_Folder True</arg>
<doc>Removes the directory pointed to by the given ``path``.</doc>
<msg timestamp="20220314 10:48:07.595" level="INFO" html="true">Directory '&lt;a href="file://E:\Temp\My_Folder True"&gt;E:\Temp\My_Folder True&lt;/a&gt;' does not exist.</msg>
<status status="PASS" starttime="20220314 10:48:07.594" endtime="20220314 10:48:07.595"/>
</kw>
<status status="PASS" starttime="20220314 10:48:05.565" endtime="20220314 10:48:07.595"/>
</test>
<status status="PASS" starttime="20220314 10:48:05.491" endtime="20220314 10:48:07.597"/>
</suite>
<statistics>
<total>
<stat pass="2" fail="0" skip="0">All Tests</stat>
</total>
<tag>
</tag>
<suite>
<stat pass="2" fail="0" skip="0" id="s1" name="Demo3 Suite">Demo3 Suite</stat>
</suite>
</statistics>
<errors>
</errors>
</robot>
