<?xml version="1.0" encoding="UTF-8"?>
<robot generator="Robot 4.1.3 (Python 3.10.2 on win32)" generated="20220315 20:00:00.370" rpa="false" schemaversion="2">
<suite id="s1" name="Demo7 Nasscom Suite" source="D:\ROBOT-SESSION\ROBOT_PROJECT\selenium_suite\demo7_nasscom_suite.robot">
<test id="s1-t1" name="TC1">
<kw name="Open Browser" library="SeleniumLibrary">
<arg>browser=chrome</arg>
<arg>executable_path=${EXECDIR}${/}driver${/}chromedriver.exe</arg>
<doc>Opens a new browser instance to the optional ``url``.</doc>
<msg timestamp="20220315 20:00:00.666" level="INFO">Opening browser 'chrome' to base url 'None'.</msg>
<status status="PASS" starttime="20220315 20:00:00.666" endtime="20220315 20:00:04.416"/>
</kw>
<kw name="Maximize Browser Window" library="SeleniumLibrary">
<doc>Maximizes current browser window.</doc>
<status status="PASS" starttime="20220315 20:00:04.416" endtime="20220315 20:00:04.585"/>
</kw>
<kw name="Set Selenium Implicit Wait" library="SeleniumLibrary">
<arg>20s</arg>
<doc>Sets the implicit wait value used by Selenium.</doc>
<status status="PASS" starttime="20220315 20:00:04.585" endtime="20220315 20:00:04.600"/>
</kw>
<kw name="Go To" library="SeleniumLibrary">
<arg>url=https://nasscom.in/nasscom-membership</arg>
<doc>Navigates the current browser window to the provided ``url``.</doc>
<msg timestamp="20220315 20:00:04.600" level="INFO">Opening url 'https://nasscom.in/nasscom-membership'</msg>
<status status="PASS" starttime="20220315 20:00:04.600" endtime="20220315 20:00:07.308"/>
</kw>
<kw name="Click Element" library="SeleniumLibrary">
<arg>id=edit-field-membership-type-und-1203</arg>
<doc>Click the element identified by ``locator``.</doc>
<msg timestamp="20220315 20:00:07.308" level="INFO">Clicking element 'id=edit-field-membership-type-und-1203'.</msg>
<status status="PASS" starttime="20220315 20:00:07.308" endtime="20220315 20:00:07.445"/>
</kw>
<kw name="Click Element" library="SeleniumLibrary">
<arg>id=edit-field-business-focus-inst-und-970</arg>
<doc>Click the element identified by ``locator``.</doc>
<msg timestamp="20220315 20:00:07.445" level="INFO">Clicking element 'id=edit-field-business-focus-inst-und-970'.</msg>
<status status="PASS" starttime="20220315 20:00:07.445" endtime="20220315 20:00:07.797"/>
</kw>
<kw name="Click Element" library="SeleniumLibrary">
<arg>id=edit-field-business-focus-inst-und-968</arg>
<doc>Click the element identified by ``locator``.</doc>
<msg timestamp="20220315 20:00:07.797" level="INFO">Clicking element 'id=edit-field-business-focus-inst-und-968'.</msg>
<status status="PASS" starttime="20220315 20:00:07.797" endtime="20220315 20:00:07.893"/>
</kw>
<kw name="Input Text" library="SeleniumLibrary">
<arg>id=edit-title</arg>
<arg>LT</arg>
<doc>Types the given ``text`` into the text field identified by ``locator``.</doc>
<msg timestamp="20220315 20:00:07.901" level="INFO">Typing text 'LT' into text field 'id=edit-title'.</msg>
<status status="PASS" starttime="20220315 20:00:07.901" endtime="20220315 20:00:08.095"/>
</kw>
<kw name="Input Text" library="SeleniumLibrary">
<arg>id=edit-field-address-line-1-und-0-value</arg>
<arg>20,Chennai</arg>
<doc>Types the given ``text`` into the text field identified by ``locator``.</doc>
<msg timestamp="20220315 20:00:08.095" level="INFO">Typing text '20,Chennai' into text field 'id=edit-field-address-line-1-und-0-value'.</msg>
<status status="PASS" starttime="20220315 20:00:08.095" endtime="20220315 20:00:08.266"/>
</kw>
<kw name="Select From List By Label" library="SeleniumLibrary">
<arg>id=edit-field-state-member-und</arg>
<arg>Tamil Nadu</arg>
<doc>Selects options from selection list ``locator`` by ``labels``.</doc>
<msg timestamp="20220315 20:00:08.266" level="INFO">Selecting options from selection list 'id=edit-field-state-member-und' by label Tamil Nadu.</msg>
<status status="PASS" starttime="20220315 20:00:08.266" endtime="20220315 20:00:08.400"/>
</kw>
<kw name="Select From List By Label" library="SeleniumLibrary">
<arg>id=edit-field-city-membership-und</arg>
<arg>Chennai</arg>
<doc>Selects options from selection list ``locator`` by ``labels``.</doc>
<msg timestamp="20220315 20:00:08.408" level="INFO">Selecting options from selection list 'id=edit-field-city-membership-und' by label Chennai.</msg>
<status status="PASS" starttime="20220315 20:00:08.400" endtime="20220315 20:00:08.527"/>
</kw>
<kw name="Choose File" library="SeleniumLibrary">
<arg>id=edit-field-memorandum-article-of-asso-und-0-upload</arg>
<arg>C:${/}Users${/}samre${/}hello everyone.pdf</arg>
<doc>Inputs the ``file_path`` into the file input field ``locator``.</doc>
<msg timestamp="20220315 20:00:08.527" level="INFO">Sending C:\Users\samre\hello everyone.pdf to browser.</msg>
<status status="PASS" starttime="20220315 20:00:08.527" endtime="20220315 20:00:08.604"/>
</kw>
<kw name="Click Element" library="SeleniumLibrary">
<arg>id=edit-field-mode-of-payment-und-1</arg>
<doc>Click the element identified by ``locator``.</doc>
<msg timestamp="20220315 20:00:08.604" level="INFO">Clicking element 'id=edit-field-mode-of-payment-und-1'.</msg>
<status status="PASS" starttime="20220315 20:00:08.604" endtime="20220315 20:00:08.694"/>
</kw>
<kw name="Click Element" library="SeleniumLibrary">
<arg>id=edit-field-code-of-conduct-und-0</arg>
<doc>Click the element identified by ``locator``.</doc>
<msg timestamp="20220315 20:00:08.702" level="INFO">Clicking element 'id=edit-field-code-of-conduct-und-0'.</msg>
<status status="PASS" starttime="20220315 20:00:08.702" endtime="20220315 20:00:08.804"/>
</kw>
<kw name="Click Element" library="SeleniumLibrary">
<arg>id=edit-preview</arg>
<doc>Click the element identified by ``locator``.</doc>
<msg timestamp="20220315 20:00:08.804" level="INFO">Clicking element 'id=edit-preview'.</msg>
<status status="PASS" starttime="20220315 20:00:08.804" endtime="20220315 20:00:08.996"/>
</kw>
<status status="PASS" starttime="20220315 20:00:00.666" endtime="20220315 20:00:08.996"/>
</test>
<status status="PASS" starttime="20220315 20:00:00.370" endtime="20220315 20:00:09.004"/>
</suite>
<statistics>
<total>
<stat pass="1" fail="0" skip="0">All Tests</stat>
</total>
<tag>
</tag>
<suite>
<stat pass="1" fail="0" skip="0" id="s1" name="Demo7 Nasscom Suite">Demo7 Nasscom Suite</stat>
</suite>
</statistics>
<errors>
</errors>
</robot>
