<?xml version="1.0" encoding="UTF-8"?>
<robot generator="Robot 4.1.3 (Python 3.10.2 on win32)" generated="20220318 17:52:35.226" rpa="false" schemaversion="2">
<suite id="s1" name="Demo15 Dynamic Suite" source="D:\ROBOT-SESSION\ROBOT_PROJECT\selenium_suite\demo15_dynamic_suite.robot">
<test id="s1-t1" name="TC1">
<kw name="Open Browser" library="SeleniumLibrary">
<arg>browser=chrome</arg>
<arg>executable_path=${EXECDIR}${/}driver${/}chromedriver.exe</arg>
<doc>Opens a new browser instance to the optional ``url``.</doc>
<msg timestamp="20220318 17:52:36.699" level="INFO">Opening browser 'chrome' to base url 'None'.</msg>
<status status="PASS" starttime="20220318 17:52:36.699" endtime="20220318 17:52:56.610"/>
</kw>
<kw name="Maximize Browser Window" library="SeleniumLibrary">
<doc>Maximizes current browser window.</doc>
<status status="PASS" starttime="20220318 17:52:56.610" endtime="20220318 17:52:56.873"/>
</kw>
<kw name="Set Selenium Implicit Wait" library="SeleniumLibrary">
<arg>20s</arg>
<doc>Sets the implicit wait value used by Selenium.</doc>
<status status="PASS" starttime="20220318 17:52:56.873" endtime="20220318 17:52:56.888"/>
</kw>
<kw name="Go To" library="SeleniumLibrary">
<arg>url=https://phptravels.net/hotels</arg>
<doc>Navigates the current browser window to the provided ``url``.</doc>
<msg timestamp="20220318 17:52:56.888" level="INFO">Opening url 'https://phptravels.net/hotels'</msg>
<status status="PASS" starttime="20220318 17:52:56.888" endtime="20220318 17:53:02.696"/>
</kw>
<kw name="Click Element" library="SeleniumLibrary">
<arg>id=select2-hotels_city-container</arg>
<doc>Click the element identified by ``locator``.</doc>
<msg timestamp="20220318 17:53:02.696" level="INFO">Clicking element 'id=select2-hotels_city-container'.</msg>
<status status="PASS" starttime="20220318 17:53:02.696" endtime="20220318 17:53:03.742"/>
</kw>
<kw name="Input Text" library="SeleniumLibrary">
<arg>xpath=//input[@role='searchbox']</arg>
<arg>chennai</arg>
<doc>Types the given ``text`` into the text field identified by ``locator``.</doc>
<msg timestamp="20220318 17:53:03.742" level="INFO">Typing text 'chennai' into text field 'xpath=//input[@role='searchbox']'.</msg>
<status status="PASS" starttime="20220318 17:53:03.742" endtime="20220318 17:53:09.595"/>
</kw>
<kw name="Sleep" library="BuiltIn">
<arg>1s</arg>
<doc>Pauses the test executed for the given time.</doc>
<msg timestamp="20220318 17:53:10.597" level="INFO">Slept 1 second</msg>
<status status="PASS" starttime="20220318 17:53:09.595" endtime="20220318 17:53:10.597"/>
</kw>
<kw name="Click Element" library="SeleniumLibrary">
<arg>xpath=//li[text()='Chennai,India']</arg>
<doc>Click the element identified by ``locator``.</doc>
<msg timestamp="20220318 17:53:10.597" level="INFO">Clicking element 'xpath=//li[text()='Chennai,India']'.</msg>
<status status="PASS" starttime="20220318 17:53:10.597" endtime="20220318 17:53:10.772"/>
</kw>
<kw name="Execute Javascript" library="SeleniumLibrary">
<arg>document.querySelector('#checkin').value='25-03-2022'</arg>
<doc>Executes the given JavaScript code with possible arguments.</doc>
<msg timestamp="20220318 17:53:10.772" level="INFO">Executing JavaScript:
document.querySelector('#checkin').value='25-03-2022'
Without any arguments.</msg>
<status status="PASS" starttime="20220318 17:53:10.772" endtime="20220318 17:53:10.804"/>
</kw>
<kw name="Execute Javascript" library="SeleniumLibrary">
<arg>document.querySelector('[id=checkout]').value='28-03-2022'</arg>
<doc>Executes the given JavaScript code with possible arguments.</doc>
<msg timestamp="20220318 17:53:10.804" level="INFO">Executing JavaScript:
document.querySelector('[id=checkout]').value='28-03-2022'
Without any arguments.</msg>
<status status="PASS" starttime="20220318 17:53:10.804" endtime="20220318 17:53:10.820"/>
</kw>
<kw name="Click Element" library="SeleniumLibrary">
<arg>xpath=//p[contains(text(),'Travellers')]</arg>
<doc>Click the element identified by ``locator``.</doc>
<msg timestamp="20220318 17:53:10.820" level="INFO">Clicking element 'xpath=//p[contains(text(),'Travellers')]'.</msg>
<status status="PASS" starttime="20220318 17:53:10.820" endtime="20220318 17:53:11.006"/>
</kw>
<kw name="Click Element" library="SeleniumLibrary">
<arg>xpath=//i[@class='la la-plus']</arg>
<doc>Click the element identified by ``locator``.</doc>
<msg timestamp="20220318 17:53:11.006" level="INFO">Clicking element 'xpath=//i[@class='la la-plus']'.</msg>
<status status="PASS" starttime="20220318 17:53:11.006" endtime="20220318 17:53:11.205"/>
</kw>
<kw name="Click Element" library="SeleniumLibrary">
<arg>xpath=(//i[@class='la la-plus'])[3]</arg>
<doc>Click the element identified by ``locator``.</doc>
<msg timestamp="20220318 17:53:11.205" level="INFO">Clicking element 'xpath=(//i[@class='la la-plus'])[3]'.</msg>
<status status="PASS" starttime="20220318 17:53:11.205" endtime="20220318 17:53:11.341"/>
</kw>
<kw name="Click Element" library="SeleniumLibrary">
<arg>xpath=(//i[@class='la la-plus'])[3]</arg>
<doc>Click the element identified by ``locator``.</doc>
<msg timestamp="20220318 17:53:11.341" level="INFO">Clicking element 'xpath=(//i[@class='la la-plus'])[3]'.</msg>
<status status="PASS" starttime="20220318 17:53:11.341" endtime="20220318 17:53:11.421"/>
</kw>
<kw name="Select From List By Label" library="SeleniumLibrary">
<arg>id=nationality</arg>
<arg>India</arg>
<doc>Selects options from selection list ``locator`` by ``labels``.</doc>
<msg timestamp="20220318 17:53:11.421" level="INFO">Selecting options from selection list 'id=nationality' by label India.</msg>
<status status="PASS" starttime="20220318 17:53:11.421" endtime="20220318 17:53:11.726"/>
</kw>
<kw name="Click Element" library="SeleniumLibrary">
<arg>xpath=//span[contains(text(),'Search')]</arg>
<doc>Click the element identified by ``locator``.</doc>
<msg timestamp="20220318 17:53:11.726" level="INFO">Clicking element 'xpath=//span[contains(text(),'Search')]'.</msg>
<status status="PASS" starttime="20220318 17:53:11.726" endtime="20220318 17:53:18.321"/>
</kw>
<kw name="Get Text" library="SeleniumLibrary">
<var>${inner_text}</var>
<arg>xpath=//div[@class='breadcrumb-content']</arg>
<doc>Returns the text value of the element identified by ``locator``.</doc>
<msg timestamp="20220318 17:53:18.756" level="INFO">${inner_text} = Search Hotels In Chennai
3 Nights ( 25-03-2022 - 28-03-2022 )
4 Adults 0 Childs 2 Rooms</msg>
<status status="PASS" starttime="20220318 17:53:18.321" endtime="20220318 17:53:18.756"/>
</kw>
<kw name="Log To Console" library="BuiltIn">
<arg>${inner_text}</arg>
<doc>Logs the given message to the console.</doc>
<status status="PASS" starttime="20220318 17:53:18.756" endtime="20220318 17:53:18.756"/>
</kw>
<kw name="Element Should Contain" library="SeleniumLibrary">
<arg>xpath=//div[@class='breadcrumb-content']</arg>
<arg>Chennai</arg>
<doc>Verifies that element ``locator`` contains text ``expected``.</doc>
<msg timestamp="20220318 17:53:18.843" level="INFO">Element 'xpath=//div[@class='breadcrumb-content']' contains text 'Chennai'.</msg>
<status status="PASS" starttime="20220318 17:53:18.764" endtime="20220318 17:53:18.843"/>
</kw>
<kw name="Element Should Contain" library="SeleniumLibrary">
<arg>xpath=//div[@class='breadcrumb-content']</arg>
<arg>25-03-2022</arg>
<doc>Verifies that element ``locator`` contains text ``expected``.</doc>
<msg timestamp="20220318 17:53:18.930" level="INFO">Element 'xpath=//div[@class='breadcrumb-content']' contains text '25-03-2022'.</msg>
<status status="PASS" starttime="20220318 17:53:18.843" endtime="20220318 17:53:18.930"/>
</kw>
<kw name="Element Should Contain" library="SeleniumLibrary">
<arg>xpath=//div[@class='breadcrumb-content']</arg>
<arg>28-03-2022</arg>
<doc>Verifies that element ``locator`` contains text ``expected``.</doc>
<msg timestamp="20220318 17:53:18.986" level="INFO">Element 'xpath=//div[@class='breadcrumb-content']' contains text '28-03-2022'.</msg>
<status status="PASS" starttime="20220318 17:53:18.938" endtime="20220318 17:53:18.986"/>
</kw>
<status status="PASS" starttime="20220318 17:52:36.699" endtime="20220318 17:53:18.986"/>
</test>
<status status="PASS" starttime="20220318 17:52:35.232" endtime="20220318 17:53:18.994"/>
</suite>
<statistics>
<total>
<stat pass="1" fail="0" skip="0">All Tests</stat>
</total>
<tag>
</tag>
<suite>
<stat pass="1" fail="0" skip="0" id="s1" name="Demo15 Dynamic Suite">Demo15 Dynamic Suite</stat>
</suite>
</statistics>
<errors>
</errors>
</robot>
