<?xml version="1.0" encoding="UTF-8"?>
<robot generator="Robot 4.1.3 (Python 3.10.2 on win32)" generated="20220315 10:47:09.198" rpa="false" schemaversion="2">
<suite id="s1" name="Demo2 Meeting Suite" source="D:\ROBOT-SESSION\ROBOT_PROJECT\selenium_suite\demo2_meeting_suite.robot">
<test id="s1-t1" name="TC1">
<kw name="Open Browser" library="SeleniumLibrary">
<arg>url=https://www.goto.com/meeting/</arg>
<arg>browser=chrome</arg>
<arg>executable_path=${EXECDIR}${/}driver${/}chromedriver.exe</arg>
<doc>Opens a new browser instance to the optional ``url``.</doc>
<msg timestamp="20220315 10:47:09.596" level="INFO">Opening browser 'chrome' to base url 'https://www.goto.com/meeting/'.</msg>
<status status="PASS" starttime="20220315 10:47:09.596" endtime="20220315 10:47:20.116"/>
</kw>
<kw name="Maximize Browser Window" library="SeleniumLibrary">
<doc>Maximizes current browser window.</doc>
<status status="PASS" starttime="20220315 10:47:20.116" endtime="20220315 10:47:21.046"/>
</kw>
<kw name="Set Selenium Implicit Wait" library="SeleniumLibrary">
<arg>5s</arg>
<doc>Sets the implicit wait value used by Selenium.</doc>
<status status="PASS" starttime="20220315 10:47:21.047" endtime="20220315 10:47:21.053"/>
</kw>
<kw name="Click Element" library="SeleniumLibrary">
<arg>id=truste-consent-button</arg>
<doc>Click the element identified by ``locator``.</doc>
<msg timestamp="20220315 10:47:21.057" level="INFO">Clicking element 'id=truste-consent-button'.</msg>
<status status="PASS" starttime="20220315 10:47:21.055" endtime="20220315 10:47:22.927"/>
</kw>
<kw name="Click Element" library="SeleniumLibrary">
<arg>link=Get a Demo</arg>
<doc>Click the element identified by ``locator``.</doc>
<msg timestamp="20220315 10:47:22.929" level="INFO">Clicking element 'link=Get a Demo'.</msg>
<status status="PASS" starttime="20220315 10:47:22.928" endtime="20220315 10:47:26.714"/>
</kw>
<kw name="Input Text" library="SeleniumLibrary">
<arg>xpath=//input[@data-sc-field-name='firstName']</arg>
<arg>john</arg>
<doc>Types the given ``text`` into the text field identified by ``locator``.</doc>
<msg timestamp="20220315 10:47:26.715" level="INFO">Typing text 'john' into text field 'xpath=//input[@data-sc-field-name='firstName']'.</msg>
<status status="PASS" starttime="20220315 10:47:26.715" endtime="20220315 10:47:27.441"/>
</kw>
<kw name="Input Text" library="SeleniumLibrary">
<arg>xpath=//input[@data-sc-field-name='lastName']</arg>
<arg>wick</arg>
<doc>Types the given ``text`` into the text field identified by ``locator``.</doc>
<msg timestamp="20220315 10:47:27.443" level="INFO">Typing text 'wick' into text field 'xpath=//input[@data-sc-field-name='lastName']'.</msg>
<status status="PASS" starttime="20220315 10:47:27.442" endtime="20220315 10:47:27.605"/>
</kw>
<kw name="Input Text" library="SeleniumLibrary">
<arg>xpath=//input[@data-sc-field-name='email']</arg>
<arg>john@gmail.com</arg>
<doc>Types the given ``text`` into the text field identified by ``locator``.</doc>
<msg timestamp="20220315 10:47:27.607" level="INFO">Typing text 'john@gmail.com' into text field 'xpath=//input[@data-sc-field-name='email']'.</msg>
<status status="PASS" starttime="20220315 10:47:27.606" endtime="20220315 10:47:27.736"/>
</kw>
<kw name="Select From List By Label" library="SeleniumLibrary">
<arg>xpath=//select[@data-sc-field-name="employees"]</arg>
<arg>10 - 99</arg>
<doc>Selects options from selection list ``locator`` by ``labels``.</doc>
<msg timestamp="20220315 10:47:27.737" level="INFO">Selecting options from selection list 'xpath=//select[@data-sc-field-name="employees"]' by label 10 - 99.</msg>
<status status="PASS" starttime="20220315 10:47:27.736" endtime="20220315 10:47:27.814"/>
</kw>
<kw name="Click Element" library="SeleniumLibrary">
<arg>xpath=//input[@type='submit']</arg>
<doc>Click the element identified by ``locator``.</doc>
<msg timestamp="20220315 10:47:27.817" level="INFO">Clicking element 'xpath=//input[@type='submit']'.</msg>
<status status="PASS" starttime="20220315 10:47:27.816" endtime="20220315 10:47:28.067"/>
</kw>
<kw name="Close Browser" library="SeleniumLibrary" type="TEARDOWN">
<doc>Closes the current browser.</doc>
<status status="PASS" starttime="20220315 10:47:28.069" endtime="20220315 10:47:30.707"/>
</kw>
<status status="PASS" starttime="20220315 10:47:09.595" endtime="20220315 10:47:30.708"/>
</test>
<status status="PASS" starttime="20220315 10:47:09.201" endtime="20220315 10:47:30.714"/>
</suite>
<statistics>
<total>
<stat pass="1" fail="0" skip="0">All Tests</stat>
</total>
<tag>
</tag>
<suite>
<stat pass="1" fail="0" skip="0" id="s1" name="Demo2 Meeting Suite">Demo2 Meeting Suite</stat>
</suite>
</statistics>
<errors>
</errors>
</robot>
