<?xml version="1.0" encoding="UTF-8"?>
<robot generator="Robot 4.1.3 (Python 3.10.2 on win32)" generated="20220316 10:50:07.522" rpa="false" schemaversion="2">
<suite id="s1" name="Demo9 Alert Suite" source="D:\ROBOT-SESSION\ROBOT_PROJECT\selenium_suite\demo9_alert_suite.robot">
<test id="s1-t1" name="TC2">
<kw name="Open Browser" library="SeleniumLibrary">
<arg>browser=chrome</arg>
<arg>executable_path=${EXECDIR}${/}driver${/}chromedriver.exe</arg>
<doc>Opens a new browser instance to the optional ``url``.</doc>
<msg timestamp="20220316 10:50:07.939" level="INFO">Opening browser 'chrome' to base url 'None'.</msg>
<status status="PASS" starttime="20220316 10:50:07.939" endtime="20220316 10:50:12.814"/>
</kw>
<kw name="Maximize Browser Window" library="SeleniumLibrary">
<doc>Maximizes current browser window.</doc>
<status status="PASS" starttime="20220316 10:50:12.815" endtime="20220316 10:50:12.950"/>
</kw>
<kw name="Set Selenium Implicit Wait" library="SeleniumLibrary">
<arg>20s</arg>
<doc>Sets the implicit wait value used by Selenium.</doc>
<status status="PASS" starttime="20220316 10:50:12.956" endtime="20220316 10:50:12.961"/>
</kw>
<kw name="Go To" library="SeleniumLibrary">
<arg>url=https://nasscom.in/nasscom-membership</arg>
<doc>Navigates the current browser window to the provided ``url``.</doc>
<msg timestamp="20220316 10:50:12.964" level="INFO">Opening url 'https://nasscom.in/nasscom-membership'</msg>
<status status="PASS" starttime="20220316 10:50:12.963" endtime="20220316 10:50:16.162"/>
</kw>
<kw name="Click Element" library="SeleniumLibrary">
<arg>link=Calculate Membership Fee</arg>
<doc>Click the element identified by ``locator``.</doc>
<msg timestamp="20220316 10:50:16.164" level="INFO">Clicking element 'link=Calculate Membership Fee'.</msg>
<status status="PASS" starttime="20220316 10:50:16.163" endtime="20220316 10:50:16.896"/>
</kw>
<kw name="Handle Alert" library="SeleniumLibrary">
<var>${alert_text}</var>
<arg>action=ACCEPT</arg>
<arg>timeout=5s</arg>
<doc>Handles the current alert and returns its message.</doc>
<msg timestamp="20220316 10:50:16.900" level="INFO">HANDLE::&lt;class 'datetime.timedelta'&gt;::0:00:05</msg>
<msg timestamp="20220316 10:50:16.906" level="INFO">${alert_text} = Please enter amount in digit and greater than zero.</msg>
<status status="PASS" starttime="20220316 10:50:16.897" endtime="20220316 10:50:16.906"/>
</kw>
<kw name="Log To Console" library="BuiltIn">
<arg>${alert_text}</arg>
<doc>Logs the given message to the console.</doc>
<status status="PASS" starttime="20220316 10:50:16.906" endtime="20220316 10:50:16.908"/>
</kw>
<kw name="Should Be Equal" library="BuiltIn">
<arg>${alert_text}</arg>
<arg>Please enter amount in digit and greater than zero.</arg>
<doc>Fails if the given objects are unequal.</doc>
<status status="PASS" starttime="20220316 10:50:16.909" endtime="20220316 10:50:16.910"/>
</kw>
<kw name="Close Browser" library="SeleniumLibrary" type="TEARDOWN">
<doc>Closes the current browser.</doc>
<status status="PASS" starttime="20220316 10:50:16.910" endtime="20220316 10:50:19.418"/>
</kw>
<status status="PASS" starttime="20220316 10:50:07.937" endtime="20220316 10:50:19.419"/>
</test>
<status status="PASS" starttime="20220316 10:50:07.525" endtime="20220316 10:50:19.422"/>
</suite>
<statistics>
<total>
<stat pass="1" fail="0" skip="0">All Tests</stat>
</total>
<tag>
</tag>
<suite>
<stat pass="1" fail="0" skip="0" id="s1" name="Demo9 Alert Suite">Demo9 Alert Suite</stat>
</suite>
</statistics>
<errors>
</errors>
</robot>
