<?xml version="1.0" encoding="UTF-8"?>
<robot generator="Robot 4.1.3 (Python 3.10.2 on win32)" generated="20220316 10:26:13.369" rpa="false" schemaversion="2">
<suite id="s1" name="Demo9 Alert Suite" source="D:\ROBOT-SESSION\ROBOT_PROJECT\selenium_suite\demo9_alert_suite.robot">
<test id="s1-t1" name="TC2">
<kw name="Open Browser" library="SeleniumLibrary">
<arg>browser=chrome</arg>
<arg>executable_path=${EXECDIR}${/}driver${/}chromedriver.exe</arg>
<doc>Opens a new browser instance to the optional ``url``.</doc>
<msg timestamp="20220316 10:26:14.345" level="INFO">Opening browser 'chrome' to base url 'None'.</msg>
<status status="PASS" starttime="20220316 10:26:14.343" endtime="20220316 10:26:20.716"/>
</kw>
<kw name="Maximize Browser Window" library="SeleniumLibrary">
<doc>Maximizes current browser window.</doc>
<status status="PASS" starttime="20220316 10:26:20.717" endtime="20220316 10:26:20.867"/>
</kw>
<kw name="Set Selenium Implicit Wait" library="SeleniumLibrary">
<arg>20s</arg>
<doc>Sets the implicit wait value used by Selenium.</doc>
<status status="PASS" starttime="20220316 10:26:20.868" endtime="20220316 10:26:20.873"/>
</kw>
<kw name="Go To" library="SeleniumLibrary">
<arg>url=https://nasscom.in/nasscom-membership</arg>
<doc>Navigates the current browser window to the provided ``url``.</doc>
<msg timestamp="20220316 10:26:20.874" level="INFO">Opening url 'https://nasscom.in/nasscom-membership'</msg>
<status status="PASS" starttime="20220316 10:26:20.874" endtime="20220316 10:26:25.931"/>
</kw>
<kw name="Close Browser" library="SeleniumLibrary" type="TEARDOWN">
<doc>Closes the current browser.</doc>
<status status="PASS" starttime="20220316 10:26:25.932" endtime="20220316 10:26:28.829"/>
</kw>
<status status="PASS" starttime="20220316 10:26:14.342" endtime="20220316 10:26:28.831"/>
</test>
<status status="PASS" starttime="20220316 10:26:13.374" endtime="20220316 10:26:28.837"/>
</suite>
<statistics>
<total>
<stat pass="1" fail="0" skip="0">All Tests</stat>
</total>
<tag>
</tag>
<suite>
<stat pass="1" fail="0" skip="0" id="s1" name="Demo9 Alert Suite">Demo9 Alert Suite</stat>
</suite>
</statistics>
<errors>
</errors>
</robot>
