<?xml version="1.0" encoding="UTF-8"?>
<robot generator="Robot 4.1.3 (Python 3.10.2 on win32)" generated="20220316 13:30:50.593" rpa="false" schemaversion="2">
<suite id="s1" name="Demo10 Royal Suite" source="D:\ROBOT-SESSION\ROBOT_PROJECT\selenium_suite\demo10_royal_suite.robot">
<test id="s1-t1" name="TC1 Sign Up">
<kw name="Open Browser" library="SeleniumLibrary">
<arg>browser=chrome</arg>
<arg>executable_path=${EXECDIR}${/}driver${/}chromedriver.exe</arg>
<doc>Opens a new browser instance to the optional ``url``.</doc>
<msg timestamp="20220316 13:30:50.901" level="INFO">Opening browser 'chrome' to base url 'None'.</msg>
<status status="PASS" starttime="20220316 13:30:50.900" endtime="20220316 13:30:53.755"/>
</kw>
<kw name="Maximize Browser Window" library="SeleniumLibrary">
<doc>Maximizes current browser window.</doc>
<status status="PASS" starttime="20220316 13:30:53.756" endtime="20220316 13:30:53.901"/>
</kw>
<kw name="Set Selenium Implicit Wait" library="SeleniumLibrary">
<arg>20s</arg>
<doc>Sets the implicit wait value used by Selenium.</doc>
<status status="PASS" starttime="20220316 13:30:53.901" endtime="20220316 13:30:53.908"/>
</kw>
<kw name="Set Selenium Speed" library="SeleniumLibrary">
<arg>1s</arg>
<doc>Sets the delay that is waited after each Selenium command.</doc>
<status status="PASS" starttime="20220316 13:30:53.908" endtime="20220316 13:30:53.909"/>
</kw>
<kw name="Go To" library="SeleniumLibrary">
<arg>url=https://www.royalcaribbean.com/account/</arg>
<doc>Navigates the current browser window to the provided ``url``.</doc>
<msg timestamp="20220316 13:30:53.909" level="INFO">Opening url 'https://www.royalcaribbean.com/account/'</msg>
<status status="PASS" starttime="20220316 13:30:53.909" endtime="20220316 13:30:56.845"/>
</kw>
<kw name="Click Element" library="SeleniumLibrary">
<arg>link=Create an account</arg>
<doc>Click the element identified by ``locator``.</doc>
<msg timestamp="20220316 13:30:56.847" level="INFO">Clicking element 'link=Create an account'.</msg>
<status status="PASS" starttime="20220316 13:30:56.846" endtime="20220316 13:31:00.995"/>
</kw>
<kw name="Input Text" library="SeleniumLibrary">
<arg>xpath=//input[@data-placeholder="First name/Given name"]</arg>
<arg>sam</arg>
<doc>Types the given ``text`` into the text field identified by ``locator``.</doc>
<msg timestamp="20220316 13:31:00.996" level="INFO">Typing text 'sam' into text field 'xpath=//input[@data-placeholder="First name/Given name"]'.</msg>
<status status="PASS" starttime="20220316 13:31:00.996" endtime="20220316 13:31:04.338"/>
</kw>
<kw name="Input Text" library="SeleniumLibrary">
<arg>xpath=//input[@data-placeholder="Last name/Surname"]</arg>
<arg>amu</arg>
<doc>Types the given ``text`` into the text field identified by ``locator``.</doc>
<msg timestamp="20220316 13:31:04.339" level="INFO">Typing text 'amu' into text field 'xpath=//input[@data-placeholder="Last name/Surname"]'.</msg>
<status status="PASS" starttime="20220316 13:31:04.339" endtime="20220316 13:31:07.579"/>
</kw>
<kw name="Click Element" library="SeleniumLibrary">
<arg>xpath=//span[text()='Month']</arg>
<doc>Click the element identified by ``locator``.</doc>
<msg timestamp="20220316 13:31:07.580" level="INFO">Clicking element 'xpath=//span[text()='Month']'.</msg>
<status status="PASS" starttime="20220316 13:31:07.580" endtime="20220316 13:31:09.762"/>
</kw>
<kw name="Click Element" library="SeleniumLibrary">
<arg>xpath=//span[contains(text(),'April')]</arg>
<doc>Click the element identified by ``locator``.</doc>
<msg timestamp="20220316 13:31:09.763" level="INFO">Clicking element 'xpath=//span[contains(text(),'April')]'.</msg>
<status status="PASS" starttime="20220316 13:31:09.763" endtime="20220316 13:31:11.859"/>
</kw>
<kw name="Click Element" library="SeleniumLibrary">
<arg>xpath=//span[text()='Day']</arg>
<doc>Click the element identified by ``locator``.</doc>
<msg timestamp="20220316 13:31:11.860" level="INFO">Clicking element 'xpath=//span[text()='Day']'.</msg>
<status status="PASS" starttime="20220316 13:31:11.859" endtime="20220316 13:31:13.973"/>
</kw>
<kw name="Scroll Element Into View" library="SeleniumLibrary">
<arg>xpath=//span[contains(text(),'26')]</arg>
<doc>Scrolls the element identified by ``locator`` into view.</doc>
<status status="PASS" starttime="20220316 13:31:13.973" endtime="20220316 13:31:17.412"/>
</kw>
<kw name="Click Element" library="SeleniumLibrary">
<arg>xpath=//span[contains(text(),'26')]</arg>
<doc>Click the element identified by ``locator``.</doc>
<msg timestamp="20220316 13:31:17.413" level="INFO">Clicking element 'xpath=//span[contains(text(),'26')]'.</msg>
<status status="PASS" starttime="20220316 13:31:17.412" endtime="20220316 13:31:19.499"/>
</kw>
<kw name="Input Text" library="SeleniumLibrary">
<arg>xpath=//input[@data-placeholder="Year"]</arg>
<arg>1992</arg>
<doc>Types the given ``text`` into the text field identified by ``locator``.</doc>
<msg timestamp="20220316 13:31:19.500" level="INFO">Typing text '1992' into text field 'xpath=//input[@data-placeholder="Year"]'.</msg>
<status status="PASS" starttime="20220316 13:31:19.499" endtime="20220316 13:31:22.722"/>
</kw>
<kw name="Click Element" library="SeleniumLibrary">
<arg>xpath=//span[text()='Country/Region of residence']</arg>
<doc>Click the element identified by ``locator``.</doc>
<msg timestamp="20220316 13:31:22.725" level="INFO">Clicking element 'xpath=//span[text()='Country/Region of residence']'.</msg>
<status status="PASS" starttime="20220316 13:31:22.724" endtime="20220316 13:31:25.007"/>
</kw>
<kw name="Click Element" library="SeleniumLibrary">
<arg>xpath=//span[contains(text(),'India')]</arg>
<doc>Click the element identified by ``locator``.</doc>
<msg timestamp="20220316 13:31:25.009" level="INFO">Clicking element 'xpath=//span[contains(text(),'India')]'.</msg>
<status status="PASS" starttime="20220316 13:31:25.008" endtime="20220316 13:31:27.142"/>
</kw>
<kw name="Input Text" library="SeleniumLibrary">
<arg>xpath=//input[@data-placeholder="Email address"]</arg>
<arg>sam@gmail.com</arg>
<doc>Types the given ``text`` into the text field identified by ``locator``.</doc>
<msg timestamp="20220316 13:31:27.145" level="INFO">Typing text 'sam@gmail.com' into text field 'xpath=//input[@data-placeholder="Email address"]'.</msg>
<status status="PASS" starttime="20220316 13:31:27.144" endtime="20220316 13:31:30.422"/>
</kw>
<kw name="Click Element" library="SeleniumLibrary">
<arg>xpath=//span[text()="Select one security question"]</arg>
<doc>Click the element identified by ``locator``.</doc>
<msg timestamp="20220316 13:31:30.424" level="INFO">Clicking element 'xpath=//span[text()="Select one security question"]'.</msg>
<status status="PASS" starttime="20220316 13:31:30.424" endtime="20220316 13:31:32.538"/>
</kw>
<kw name="Click Element" library="SeleniumLibrary">
<arg>xpath=//span[contains(text(),"What elementary school did you go to?")]</arg>
<doc>Click the element identified by ``locator``.</doc>
<msg timestamp="20220316 13:31:32.540" level="INFO">Clicking element 'xpath=//span[contains(text(),"What elementary school did you go to?")]'.</msg>
<status status="PASS" starttime="20220316 13:31:32.540" endtime="20220316 13:31:34.682"/>
</kw>
<kw name="Input Text" library="SeleniumLibrary">
<arg>xpath=//input[@data-placeholder="Answer"]</arg>
<arg>xyz</arg>
<doc>Types the given ``text`` into the text field identified by ``locator``.</doc>
<msg timestamp="20220316 13:31:34.684" level="INFO">Typing text 'xyz' into text field 'xpath=//input[@data-placeholder="Answer"]'.</msg>
<status status="PASS" starttime="20220316 13:31:34.683" endtime="20220316 13:31:37.905"/>
</kw>
<kw name="Click Element" library="SeleniumLibrary">
<arg>xpath=//span[@class="mat-checkbox-inner-container mat-checkbox-inner-container-no-side-margin"]</arg>
<doc>Click the element identified by ``locator``.</doc>
<msg timestamp="20220316 13:31:37.908" level="INFO">Clicking element 'xpath=//span[@class="mat-checkbox-inner-container mat-checkbox-inner-container-no-side-margin"]'.</msg>
<status status="PASS" starttime="20220316 13:31:37.907" endtime="20220316 13:31:40.281"/>
</kw>
<kw name="Click Element" library="SeleniumLibrary">
<arg>xpath=//button[normalize-space()="Done"]</arg>
<doc>Click the element identified by ``locator``.</doc>
<msg timestamp="20220316 13:31:40.284" level="INFO">Clicking element 'xpath=//button[normalize-space()="Done"]'.</msg>
<status status="PASS" starttime="20220316 13:31:40.283" endtime="20220316 13:31:42.406"/>
</kw>
<kw name="Sleep" library="BuiltIn">
<arg>5s</arg>
<doc>Pauses the test executed for the given time.</doc>
<msg timestamp="20220316 13:31:47.412" level="INFO">Slept 5 seconds</msg>
<status status="PASS" starttime="20220316 13:31:42.407" endtime="20220316 13:31:47.412"/>
</kw>
<kw name="Close Browser" library="SeleniumLibrary" type="TEARDOWN">
<doc>Closes the current browser.</doc>
<status status="PASS" starttime="20220316 13:31:47.413" endtime="20220316 13:31:50.545"/>
</kw>
<status status="PASS" starttime="20220316 13:30:50.900" endtime="20220316 13:31:50.547"/>
</test>
<status status="PASS" starttime="20220316 13:30:50.595" endtime="20220316 13:31:50.552"/>
</suite>
<statistics>
<total>
<stat pass="1" fail="0" skip="0">All Tests</stat>
</total>
<tag>
</tag>
<suite>
<stat pass="1" fail="0" skip="0" id="s1" name="Demo10 Royal Suite">Demo10 Royal Suite</stat>
</suite>
</statistics>
<errors>
</errors>
</robot>
