<?xml version="1.0" encoding="UTF-8"?>
<robot generator="Robot 4.1.3 (Python 3.10.2 on win32)" generated="20220316 11:01:31.431" rpa="false" schemaversion="2">
<suite id="s1" name="Demo9 Alert Suite" source="D:\ROBOT-SESSION\ROBOT_PROJECT\selenium_suite\demo9_alert_suite.robot">
<test id="s1-t1" name="TC1">
<kw name="Open Browser" library="SeleniumLibrary">
<arg>browser=chrome</arg>
<arg>executable_path=${EXECDIR}${/}driver${/}chromedriver.exe</arg>
<doc>Opens a new browser instance to the optional ``url``.</doc>
<msg timestamp="20220316 11:01:31.941" level="INFO">Opening browser 'chrome' to base url 'None'.</msg>
<status status="PASS" starttime="20220316 11:01:31.941" endtime="20220316 11:01:38.591"/>
</kw>
<kw name="Maximize Browser Window" library="SeleniumLibrary">
<doc>Maximizes current browser window.</doc>
<status status="PASS" starttime="20220316 11:01:38.592" endtime="20220316 11:01:38.760"/>
</kw>
<kw name="Set Selenium Implicit Wait" library="SeleniumLibrary">
<arg>20s</arg>
<doc>Sets the implicit wait value used by Selenium.</doc>
<status status="PASS" starttime="20220316 11:01:38.761" endtime="20220316 11:01:38.766"/>
</kw>
<kw name="Go To" library="SeleniumLibrary">
<arg>url=https://netbanking.hdfcbank.com/netbanking/IpinResetUsingOTP.htm</arg>
<doc>Navigates the current browser window to the provided ``url``.</doc>
<msg timestamp="20220316 11:01:38.766" level="INFO">Opening url 'https://netbanking.hdfcbank.com/netbanking/IpinResetUsingOTP.htm'</msg>
<status status="PASS" starttime="20220316 11:01:38.766" endtime="20220316 11:01:40.531"/>
</kw>
<kw name="Click Element" library="SeleniumLibrary">
<arg>xpath=//img[@alt='Go']</arg>
<doc>Click the element identified by ``locator``.</doc>
<msg timestamp="20220316 11:01:40.533" level="INFO">Clicking element 'xpath=//img[@alt='Go']'.</msg>
<status status="PASS" starttime="20220316 11:01:40.532" endtime="20220316 11:01:41.190"/>
</kw>
<kw name="Handle Alert" library="SeleniumLibrary">
<var>${alert_text}</var>
<arg>action=ACCEPT</arg>
<arg>timeout=5s</arg>
<doc>Handles the current alert and returns its message.</doc>
<msg timestamp="20220316 11:01:41.196" level="INFO">HANDLE::&lt;class 'datetime.timedelta'&gt;::0:00:05</msg>
<msg timestamp="20220316 11:01:41.230" level="INFO">${alert_text} = Customer ID  cannot be left blank.</msg>
<status status="PASS" starttime="20220316 11:01:41.192" endtime="20220316 11:01:41.230"/>
</kw>
<kw name="Log To Console" library="BuiltIn">
<arg>${alert_text}</arg>
<doc>Logs the given message to the console.</doc>
<status status="PASS" starttime="20220316 11:01:41.231" endtime="20220316 11:01:41.231"/>
</kw>
<kw name="Should Be Equal" library="BuiltIn">
<arg>${alert_text}</arg>
<arg>Customer ID${SPACE}${SPACE}cannot be left blank.</arg>
<doc>Fails if the given objects are unequal.</doc>
<status status="PASS" starttime="20220316 11:01:41.232" endtime="20220316 11:01:41.232"/>
</kw>
<kw name="Close Browser" library="SeleniumLibrary" type="TEARDOWN">
<doc>Closes the current browser.</doc>
<status status="PASS" starttime="20220316 11:01:41.233" endtime="20220316 11:01:43.753"/>
</kw>
<status status="PASS" starttime="20220316 11:01:31.940" endtime="20220316 11:01:43.755"/>
</test>
<status status="PASS" starttime="20220316 11:01:31.440" endtime="20220316 11:01:43.761"/>
</suite>
<statistics>
<total>
<stat pass="1" fail="0" skip="0">All Tests</stat>
</total>
<tag>
</tag>
<suite>
<stat pass="1" fail="0" skip="0" id="s1" name="Demo9 Alert Suite">Demo9 Alert Suite</stat>
</suite>
</statistics>
<errors>
</errors>
</robot>
