<?xml version="1.0" encoding="UTF-8"?>
<robot generator="Robot 4.1.3 (Python 3.10.2 on win32)" generated="20220316 21:00:14.154" rpa="false" schemaversion="2">
<suite id="s1" name="Demo11 Selenium Suite" source="D:\ROBOT-SESSION\ROBOT_PROJECT\selenium_suite\demo11_selenium_suite.robot">
<test id="s1-t1" name="TC3">
<kw name="Open Browser" library="SeleniumLibrary">
<arg>browser=chrome</arg>
<arg>executable_path=${EXECDIR}${/}driver${/}chromedriver.exe</arg>
<doc>Opens a new browser instance to the optional ``url``.</doc>
<msg timestamp="20220316 21:00:14.576" level="INFO">Opening browser 'chrome' to base url 'None'.</msg>
<status status="PASS" starttime="20220316 21:00:14.576" endtime="20220316 21:00:18.462"/>
</kw>
<kw name="Maximize Browser Window" library="SeleniumLibrary">
<doc>Maximizes current browser window.</doc>
<status status="PASS" starttime="20220316 21:00:18.462" endtime="20220316 21:00:18.596"/>
</kw>
<kw name="Set Selenium Implicit Wait" library="SeleniumLibrary">
<arg>20s</arg>
<doc>Sets the implicit wait value used by Selenium.</doc>
<status status="PASS" starttime="20220316 21:00:18.596" endtime="20220316 21:00:18.596"/>
</kw>
<kw name="Set Selenium Speed" library="SeleniumLibrary">
<arg>1s</arg>
<doc>Sets the delay that is waited after each Selenium command.</doc>
<status status="PASS" starttime="20220316 21:00:18.596" endtime="20220316 21:00:18.612"/>
</kw>
<kw name="Go To" library="SeleniumLibrary">
<arg>url=https://www.nasscom.in/</arg>
<doc>Navigates the current browser window to the provided ``url``.</doc>
<msg timestamp="20220316 21:00:18.612" level="INFO">Opening url 'https://www.nasscom.in/'</msg>
<status status="PASS" starttime="20220316 21:00:18.612" endtime="20220316 21:00:26.327"/>
</kw>
<kw name="Mouse Over" library="SeleniumLibrary">
<arg>xpath=//a[normalize-space()='Membership']</arg>
<doc>Simulates hovering the mouse over the element ``locator``.</doc>
<msg timestamp="20220316 21:00:26.327" level="INFO">Simulating Mouse Over on element 'xpath=//a[normalize-space()='Membership']'.</msg>
<status status="PASS" starttime="20220316 21:00:26.327" endtime="20220316 21:00:28.622"/>
</kw>
<kw name="Click Element" library="SeleniumLibrary">
<arg>xpath=//a[normalize-space()='Members Listing']</arg>
<doc>Click the element identified by ``locator``.</doc>
<msg timestamp="20220316 21:00:28.622" level="INFO">Clicking element 'xpath=//a[normalize-space()='Members Listing']'.</msg>
<status status="PASS" starttime="20220316 21:00:28.622" endtime="20220316 21:00:32.555"/>
</kw>
<kw name="Wait Until Page Contains Element" library="SeleniumLibrary">
<arg>xpath=//input[@id='edit-title']</arg>
<doc>Waits until the element ``locator`` appears on the current page.</doc>
<status status="PASS" starttime="20220316 21:00:32.555" endtime="20220316 21:00:33.571"/>
</kw>
<kw name="Get Title" library="SeleniumLibrary">
<var>${title}</var>
<doc>Returns the title of the current page.</doc>
<msg timestamp="20220316 21:00:34.576" level="INFO">${title} = Members Listing | NASSCOM</msg>
<status status="PASS" starttime="20220316 21:00:33.571" endtime="20220316 21:00:34.576"/>
</kw>
<kw name="Log To Console" library="BuiltIn">
<arg>${title}</arg>
<doc>Logs the given message to the console.</doc>
<status status="PASS" starttime="20220316 21:00:34.576" endtime="20220316 21:00:34.576"/>
</kw>
<kw name="Should Be Equal" library="BuiltIn">
<arg>${title}</arg>
<arg>Members Listing | NASSCOM</arg>
<doc>Fails if the given objects are unequal.</doc>
<status status="PASS" starttime="20220316 21:00:34.576" endtime="20220316 21:00:34.576"/>
</kw>
<kw name="Close Browser" library="SeleniumLibrary" type="TEARDOWN">
<doc>Closes the current browser.</doc>
<status status="PASS" starttime="20220316 21:00:34.576" endtime="20220316 21:00:37.747"/>
</kw>
<status status="PASS" starttime="20220316 21:00:14.576" endtime="20220316 21:00:37.747"/>
</test>
<status status="PASS" starttime="20220316 21:00:14.154" endtime="20220316 21:00:37.747"/>
</suite>
<statistics>
<total>
<stat pass="1" fail="0" skip="0">All Tests</stat>
</total>
<tag>
</tag>
<suite>
<stat pass="1" fail="0" skip="0" id="s1" name="Demo11 Selenium Suite">Demo11 Selenium Suite</stat>
</suite>
</statistics>
<errors>
</errors>
</robot>
