<?xml version="1.0" encoding="UTF-8"?>
<robot generator="Robot 4.1.3 (Python 3.10.2 on win32)" generated="20220314 13:15:18.296" rpa="false" schemaversion="2">
<suite id="s1" name="Demo1 Orangehrm Suite" source="D:\ROBOT-SESSION\ROBOT_PROJECT\selenium_suite\demo1_orangehrm_suite.robot">
<test id="s1-t1" name="TC1">
<kw name="Append To Environment Variable" library="OperatingSystem">
<arg>Path</arg>
<arg>${EXECDIR}${/}driver${/}</arg>
<doc>Appends given ``values`` to environment variable ``name``.</doc>
<msg timestamp="20220314 13:15:18.736" level="INFO">Environment variable 'Path' set to value 'C:\Windows\system32;C:\Windows;C:\Windows\System32\Wbem;C:\Windows\System32\WindowsPowerShell\v1.0\;C:\Windows\System32\OpenSSH\;C:\Program Files\Git\cmd;C:\Users\samre\AppData\Local\Programs\Python\Python310\Scripts\;C:\Users\samre\AppData\Local\Programs\Python\Python310\;C:\Users\samre\AppData\Local\Microsoft\WindowsApps;;C:\PyCharm 2021.3.2\bin;;C:\Program Files\JetBrains\PyCharm Community Edition 2021.3.2\bin;;C:\Users\samre\AppData\Local\Programs\Microsoft VS Code\bin;D:\ROBOT-SESSION\ROBOT_PROJECT\driver\'.</msg>
<status status="PASS" starttime="20220314 13:15:18.735" endtime="20220314 13:15:18.736"/>
</kw>
<kw name="Open Browser" library="SeleniumLibrary">
<arg>url=https://opensource-demo.orangehrmlive.com/</arg>
<arg>browser=chrome</arg>
<doc>Opens a new browser instance to the optional ``url``.</doc>
<msg timestamp="20220314 13:15:18.738" level="INFO">Opening browser 'chrome' to base url 'https://opensource-demo.orangehrmlive.com/'.</msg>
<status status="PASS" starttime="20220314 13:15:18.737" endtime="20220314 13:15:33.737"/>
</kw>
<status status="PASS" starttime="20220314 13:15:18.734" endtime="20220314 13:15:33.738"/>
</test>
<status status="PASS" starttime="20220314 13:15:18.299" endtime="20220314 13:15:33.741"/>
</suite>
<statistics>
<total>
<stat pass="1" fail="0" skip="0">All Tests</stat>
</total>
<tag>
</tag>
<suite>
<stat pass="1" fail="0" skip="0" id="s1" name="Demo1 Orangehrm Suite">Demo1 Orangehrm Suite</stat>
</suite>
</statistics>
<errors>
</errors>
</robot>
